[debug] [2021-12-31T01:04:11.866Z] ----------------------------------------------------------------------
[debug] [2021-12-31T01:04:11.868Z] Command:       C:\Program Files\nodejs\node.exe C:\Users\mathe\AppData\Roaming\npm\node_modules\firebase-tools\lib\bin\firebase.js init
[debug] [2021-12-31T01:04:11.868Z] CLI Version:   10.0.1
[debug] [2021-12-31T01:04:11.868Z] Platform:      win32
[debug] [2021-12-31T01:04:11.868Z] Node Version:  v17.3.0
[debug] [2021-12-31T01:04:11.869Z] Time:          Thu Dec 30 2021 22:04:11 GMT-0300 (Horário Padrão de Brasília)
[debug] [2021-12-31T01:04:11.870Z] ----------------------------------------------------------------------
[debug] 
[debug] [2021-12-31T01:04:11.919Z] > command requires scopes: ["email","openid","https://www.googleapis.com/auth/cloudplatformprojects.readonly","https://www.googleapis.com/auth/firebase","https://www.googleapis.com/auth/cloud-platform"]
[debug] [2021-12-31T01:04:11.919Z] > authorizing via signed-in user (matheus.wl.gomes@gmail.com)
[info] 
     ######## #### ########  ######## ########     ###     ######  ########
     ##        ##  ##     ## ##       ##     ##  ##   ##  ##       ##
     ######    ##  ########  ######   ########  #########  ######  ######
     ##        ##  ##    ##  ##       ##     ## ##     ##       ## ##
     ##       #### ##     ## ######## ########  ##     ##  ######  ########

You're about to initialize a Firebase project in this directory:

  C:\firebase\Portal Starcom\public

Before we get started, keep in mind:

  * You are currently outside your home directory
  * You are initializing within an existing Firebase project directory

[info] 
=== Project Setup
[info] 
[info] First, let's associate this project directory with a Firebase project.
[info] You can create multiple project aliases by running firebase use --add, 
[info] but for now we'll just set up a default project.
[info] 
[debug] [2021-12-31T01:04:17.558Z] Using project from CLI flag: todo-list-7cf7b
[debug] [2021-12-31T01:04:17.560Z] >>> [apiv2][query] GET https://firebase.googleapis.com/v1beta1/projects/todo-list-7cf7b [none]
[debug] [2021-12-31T01:04:18.704Z] <<< [apiv2][status] GET https://firebase.googleapis.com/v1beta1/projects/todo-list-7cf7b 403
[debug] [2021-12-31T01:04:18.705Z] <<< [apiv2][body] GET https://firebase.googleapis.com/v1beta1/projects/todo-list-7cf7b {"error":{"code":403,"message":"The caller does not have permission","status":"PERMISSION_DENIED"}}
[debug] [2021-12-31T01:04:18.705Z] HTTP Error: 403, The caller does not have permission
[debug] [2021-12-31T01:04:18.708Z] FirebaseError: HTTP Error: 403, The caller does not have permission
    at module.exports (C:\Users\mathe\AppData\Roaming\npm\node_modules\firebase-tools\lib\responseToError.js:38:12)
    at Client.doRequest (C:\Users\mathe\AppData\Roaming\npm\node_modules\firebase-tools\lib\apiv2.js:241:23)
    at processTicksAndRejections (node:internal/process/task_queues:96:5)
    at async Client.request (C:\Users\mathe\AppData\Roaming\npm\node_modules\firebase-tools\lib\apiv2.js:96:20)
    at async Object.getFirebaseProject (C:\Users\mathe\AppData\Roaming\npm\node_modules\firebase-tools\lib\management\projects.js:290:21)
    at async Object.doSetup [as project] (C:\Users\mathe\AppData\Roaming\npm\node_modules\firebase-tools\lib\init\features\project.js:85:27)
    at async init (C:\Users\mathe\AppData\Roaming\npm\node_modules\firebase-tools\lib\init\index.js:19:9)
[error] 
[error] Error: Failed to get Firebase project todo-list-7cf7b. Please make sure the project exists and your account has permission to access it.
[debug] [2021-12-31T01:34:33.755Z] ----------------------------------------------------------------------
[debug] [2021-12-31T01:34:33.757Z] Command:       C:\Program Files\nodejs\node.exe C:\Users\mathe\AppData\Roaming\npm\node_modules\firebase-tools\lib\bin\firebase.js deploy
[debug] [2021-12-31T01:34:33.758Z] CLI Version:   10.0.1
[debug] [2021-12-31T01:34:33.758Z] Platform:      win32
[debug] [2021-12-31T01:34:33.758Z] Node Version:  v17.3.0
[debug] [2021-12-31T01:34:33.759Z] Time:          Thu Dec 30 2021 22:34:33 GMT-0300 (Horário Padrão de Brasília)
[debug] [2021-12-31T01:34:33.759Z] ----------------------------------------------------------------------
[debug] 
[debug] [2021-12-31T01:34:33.808Z] > command requires scopes: ["email","openid","https://www.googleapis.com/auth/cloudplatformprojects.readonly","https://www.googleapis.com/auth/firebase","https://www.googleapis.com/auth/cloud-platform"]
[debug] [2021-12-31T01:34:33.808Z] > authorizing via signed-in user (matheus.wl.gomes@gmail.com)
[debug] [2021-12-31T01:34:33.808Z] [iam] checking project todo-list-7cf7b for permissions ["firebase.projects.get","firebasehosting.sites.update"]
[debug] [2021-12-31T01:34:33.810Z] >>> HTTP REQUEST POST https://cloudresourcemanager.googleapis.com/v1/projects/todo-list-7cf7b:testIamPermissions  
 {"permissions":["firebase.projects.get","firebasehosting.sites.update"]}
[debug] [2021-12-31T01:34:34.936Z] <<< HTTP RESPONSE 200 {"content-type":"application/json; charset=UTF-8","vary":"X-Origin, Referer, Origin,Accept-Encoding","date":"Fri, 31 Dec 2021 01:34:35 GMT","server":"ESF","cache-control":"private","x-xss-protection":"0","x-frame-options":"SAMEORIGIN","x-content-type-options":"nosniff","server-timing":"gfet4t7; dur=824","alt-svc":"h3=\":443\"; ma=2592000,h3-29=\":443\"; ma=2592000,h3-Q050=\":443\"; ma=2592000,h3-Q046=\":443\"; ma=2592000,h3-Q043=\":443\"; ma=2592000,quic=\":443\"; ma=2592000; v=\"46,43\"","accept-ranges":"none","transfer-encoding":"chunked"}
[debug] [2021-12-31T01:34:34.937Z] [iam] error while checking permissions, command may fail: FirebaseError: Authorization failed. This account is missing the following required permissions on project todo-list-7cf7b:

  firebase.projects.get
  firebasehosting.sites.update
[debug] [2021-12-31T01:34:34.938Z] > refreshing access token with scopes: []
[debug] [2021-12-31T01:34:34.939Z] >>> HTTP REQUEST POST https://www.googleapis.com/oauth2/v3/token  
 <request body omitted>
[debug] [2021-12-31T01:34:35.158Z] <<< HTTP RESPONSE 200 {"expires":"Mon, 01 Jan 1990 00:00:00 GMT","cache-control":"no-cache, no-store, max-age=0, must-revalidate","pragma":"no-cache","date":"Fri, 31 Dec 2021 01:34:35 GMT","content-type":"application/json; charset=utf-8","vary":"X-Origin, Referer, Origin,Accept-Encoding","server":"scaffolding on HTTPServer2","x-xss-protection":"0","x-frame-options":"SAMEORIGIN","x-content-type-options":"nosniff","alt-svc":"h3=\":443\"; ma=2592000,h3-29=\":443\"; ma=2592000,h3-Q050=\":443\"; ma=2592000,h3-Q046=\":443\"; ma=2592000,h3-Q043=\":443\"; ma=2592000,quic=\":443\"; ma=2592000; v=\"46,43\"","accept-ranges":"none","transfer-encoding":"chunked"}
[debug] [2021-12-31T01:34:35.172Z] >>> [apiv2][query] GET https://firebase.googleapis.com/v1beta1/projects/todo-list-7cf7b [none]
[debug] [2021-12-31T01:34:36.288Z] <<< [apiv2][status] GET https://firebase.googleapis.com/v1beta1/projects/todo-list-7cf7b 403
[debug] [2021-12-31T01:34:36.289Z] <<< [apiv2][body] GET https://firebase.googleapis.com/v1beta1/projects/todo-list-7cf7b {"error":{"code":403,"message":"The caller does not have permission","status":"PERMISSION_DENIED"}}
[debug] [2021-12-31T01:34:36.289Z] HTTP Error: 403, The caller does not have permission
[debug] [2021-12-31T01:34:36.290Z] FirebaseError: HTTP Error: 403, The caller does not have permission
    at module.exports (C:\Users\mathe\AppData\Roaming\npm\node_modules\firebase-tools\lib\responseToError.js:38:12)
    at Client.doRequest (C:\Users\mathe\AppData\Roaming\npm\node_modules\firebase-tools\lib\apiv2.js:241:23)
    at processTicksAndRejections (node:internal/process/task_queues:96:5)
    at async Client.request (C:\Users\mathe\AppData\Roaming\npm\node_modules\firebase-tools\lib\apiv2.js:96:20)
    at async Object.getFirebaseProject (C:\Users\mathe\AppData\Roaming\npm\node_modules\firebase-tools\lib\management\projects.js:290:21)
    at async Object.getDefaultHostingSite (C:\Users\mathe\AppData\Roaming\npm\node_modules\firebase-tools\lib\getDefaultHostingSite.js:8:21)
    at async requireHostingSite (C:\Users\mathe\AppData\Roaming\npm\node_modules\firebase-tools\lib\requireHostingSite.js:9:18)
    at async Object.fn (C:\Users\mathe\AppData\Roaming\npm\node_modules\firebase-tools\lib\commands\deploy.js:73:9)
    at async C:\Users\mathe\AppData\Roaming\npm\node_modules\firebase-tools\lib\command.js:188:17
[error] 
[error] Error: Failed to get Firebase project todo-list-7cf7b. Please make sure the project exists and your account has permission to access it.
[debug] [2021-12-31T01:34:49.935Z] ----------------------------------------------------------------------
[debug] [2021-12-31T01:34:49.937Z] Command:       C:\Program Files\nodejs\node.exe C:\Users\mathe\AppData\Roaming\npm\node_modules\firebase-tools\lib\bin\firebase.js init
[debug] [2021-12-31T01:34:49.938Z] CLI Version:   10.0.1
[debug] [2021-12-31T01:34:49.938Z] Platform:      win32
[debug] [2021-12-31T01:34:49.938Z] Node Version:  v17.3.0
[debug] [2021-12-31T01:34:49.940Z] Time:          Thu Dec 30 2021 22:34:49 GMT-0300 (Horário Padrão de Brasília)
[debug] [2021-12-31T01:34:49.940Z] ----------------------------------------------------------------------
[debug] 
[debug] [2021-12-31T01:34:50.001Z] > command requires scopes: ["email","openid","https://www.googleapis.com/auth/cloudplatformprojects.readonly","https://www.googleapis.com/auth/firebase","https://www.googleapis.com/auth/cloud-platform"]
[debug] [2021-12-31T01:34:50.001Z] > authorizing via signed-in user (matheus.wl.gomes@gmail.com)
[info] 
     ######## #### ########  ######## ########     ###     ######  ########
     ##        ##  ##     ## ##       ##     ##  ##   ##  ##       ##
     ######    ##  ########  ######   ########  #########  ######  ######
     ##        ##  ##    ##  ##       ##     ## ##     ##       ## ##
     ##       #### ##     ## ######## ########  ##     ##  ######  ########

You're about to initialize a Firebase project in this directory:

  C:\firebase\Portal Starcom\public

Before we get started, keep in mind:

  * You are currently outside your home directory
  * You are initializing within an existing Firebase project directory

